<?xml version="1.0" encoding="UTF-8"?>
<!-- Generated by org.testng.reporters.JUnitReportReporter -->
<testsuite name="Demonstration.TestNGDemo2" tests="1" time="0.058" ignored="0" failures="0" timestamp="05 May 2021 18:21:52 GMT" skipped="0" hostname="TekArch" errors="0">
  <testcase name="logintoapp" time="0.058" classname="Demonstration.TestNGDemo2"/>
</testsuite> <!-- Demonstration.TestNGDemo2 -->
