<?xml version="1.0" encoding="UTF-8"?>
<!-- Generated by org.testng.reporters.JUnitReportReporter -->
<testsuite name="Demonstration.TestNGDemo" tests="7" time="0.058" ignored="0" failures="0" timestamp="03 May 2021 19:03:21 GMT" skipped="0" hostname="TekArch" errors="0">
  <testcase name="Oppurtunities" time="0.011" classname="Demonstration.TestNGDemo"/>
  <testcase name="Oppurtunities" time="0.004" classname="Demonstration.TestNGDemo"/>
  <testcase name="HomePage_1" time="0.003" classname="Demonstration.TestNGDemo"/>
  <testcase name="Oppurtunities" time="0.013" classname="Demonstration.TestNGDemo"/>
  <testcase name="Accounts" time="0.011" classname="Demonstration.TestNGDemo"/>
  <testcase name="Oppurtunities" time="0.013" classname="Demonstration.TestNGDemo"/>
  <testcase name="Oppurtunities" time="0.003" classname="Demonstration.TestNGDemo"/>
</testsuite> <!-- Demonstration.TestNGDemo -->
